c:\users\mr.zi\desktop\alo\marketius\project4\x64\debug\vc142.pdb
c:\users\mr.zi\desktop\alo\marketius\project4\x64\debug\vc142.idb
c:\users\mr.zi\desktop\alo\marketius\project4\x64\debug\source.obj
c:\users\mr.zi\desktop\alo\marketius\project4\x64\debug\silver.obj
c:\users\mr.zi\desktop\alo\marketius\project4\x64\debug\product.obj
c:\users\mr.zi\desktop\alo\marketius\project4\x64\debug\market.obj
c:\users\mr.zi\desktop\alo\marketius\project4\x64\debug\gold.obj
c:\users\mr.zi\desktop\alo\marketius\project4\x64\debug\food.obj
c:\users\mr.zi\desktop\alo\marketius\project4\x64\debug\drink.obj
c:\users\mr.zi\desktop\alo\marketius\project4\x64\debug\client.obj
c:\users\mr.zi\desktop\alo\marketius\project4\x64\debug\card.obj
c:\users\mr.zi\desktop\alo\marketius\project4\x64\debug\bronze.obj
c:\users\mr.zi\desktop\alo\marketius\project4\x64\debug\administration.obj
c:\users\mr.zi\desktop\alo\marketius\x64\debug\project4.pdb
c:\users\mr.zi\desktop\alo\marketius\project4\x64\debug\project4.tlog\cl.command.1.tlog
c:\users\mr.zi\desktop\alo\marketius\project4\x64\debug\project4.tlog\cl.read.1.tlog
c:\users\mr.zi\desktop\alo\marketius\project4\x64\debug\project4.tlog\cl.write.1.tlog
c:\users\mr.zi\desktop\alo\marketius\project4\x64\debug\project4.tlog\link-cvtres.read.1.tlog
c:\users\mr.zi\desktop\alo\marketius\project4\x64\debug\project4.tlog\link-cvtres.write.1.tlog
c:\users\mr.zi\desktop\alo\marketius\project4\x64\debug\project4.tlog\link-rc.read.1.tlog
c:\users\mr.zi\desktop\alo\marketius\project4\x64\debug\project4.tlog\link-rc.write.1.tlog
c:\users\mr.zi\desktop\alo\marketius\project4\x64\debug\project4.tlog\link.command.1.tlog
c:\users\mr.zi\desktop\alo\marketius\project4\x64\debug\project4.tlog\link.read.1.tlog
c:\users\mr.zi\desktop\alo\marketius\project4\x64\debug\project4.tlog\link.write.1.tlog
